<?xml version="1.0" encoding="UTF-8"?>
<testsuite name="com.trains.test.TrainsTests" tests="7" skipped="0" failures="0" errors="0" timestamp="2018-10-23T14:04:31" hostname="DESKTOP-3S4FBN4" time="0.013">
  <properties/>
  <testcase name="testshortestRoute" classname="com.trains.test.TrainsTests" time="0.009"/>
  <testcase name="numRoutesWithin" classname="com.trains.test.TrainsTests" time="0.0"/>
  <testcase name="testnumStops" classname="com.trains.test.TrainsTests" time="0.0"/>
  <testcase name="testdistanceBetweenWithIncorrectRoute" classname="com.trains.test.TrainsTests" time="0.0"/>
  <testcase name="testdistanceBetweenWithNullValue" classname="com.trains.test.TrainsTests" time="0.0"/>
  <testcase name="testnumMaxStops" classname="com.trains.test.TrainsTests" time="0.0"/>
  <testcase name="testdistanceBetweenWithValidValues" classname="com.trains.test.TrainsTests" time="0.0"/>
  <system-out><![CDATA[]]></system-out>
  <system-err><![CDATA[]]></system-err>
</testsuite>
